<?xml version="1.0" encoding="UTF-8"?>
<testsuite xmlns:xsi="http://www.w3.org/2001/XMLSchema-instance" xsi:noNamespaceSchemaLocation="https://maven.apache.org/surefire/maven-surefire-plugin/xsd/surefire-test-report.xsd" version="3.0.2" name="com.example.SubmersibleProbe.SubmersibleProbeApplicationTests" time="5.099" tests="1" errors="0" skipped="0" failures="0">
  <properties>
[...]
</properties>
  <testcase name="contextLoads" classname="com.example.SubmersibleProbe.SubmersibleProbeApplicationTests" time="1.18">
    <system-out><![CDATA[00:47:05.410 [main] INFO org.springframework.test.context.support.AnnotationConfigContextLoaderUtils -- Could not detect default configuration classes for test class [com.example.SubmersibleProbe.SubmersibleProbeApplicationTests]: SubmersibleProbeApplicationTests does not declare any static, non-private, non-final, nested classes annotated with @Configuration.
00:47:05.562 [main] INFO org.springframework.boot.test.context.SpringBootTestContextBootstrapper -- Found @SpringBootConfiguration com.example.SubmersibleProbe.SubmersibleProbeApplication for test class com.example.SubmersibleProbe.SubmersibleProbeApplicationTests

  .   ____          _            __ _ _
 /\\ / ___'_ __ _ _(_)_ __  __ _ \ \ \ \
( ( )\___ | '_ | '_| | '_ \/ _` | \ \ \ \
 \\/  ___)| |_)| | | | | || (_| |  ) ) ) )
  '  |____| .__|_| |_|_| |_\__, | / / / /
 =========|_|==============|___/=/_/_/_/

 :: Spring Boot ::                (v3.4.4)

2025-04-08T00:47:06.185+01:00  INFO 11320 --- [SubmersibleProbe] [           main] c.e.S.SubmersibleProbeApplicationTests   : Starting SubmersibleProbeApplicationTests using Java 20 with PID 11320 (started by Dell in C:\project\SubmersibleProbe)
2025-04-08T00:47:06.188+01:00  INFO 11320 --- [SubmersibleProbe] [           main] c.e.S.SubmersibleProbeApplicationTests   : No active profile set, falling back to 1 default profile: "default"
2025-04-08T00:47:08.580+01:00  WARN 11320 --- [SubmersibleProbe] [           main] .b.a.g.t.GroovyTemplateAutoConfiguration : Cannot find template location: classpath:/templates/ (please add some templates, check your Groovy configuration, or set spring.groovy.template.check-template-location=false)
2025-04-08T00:47:08.967+01:00  INFO 11320 --- [SubmersibleProbe] [           main] o.s.b.a.e.web.EndpointLinksResolver      : Exposing 1 endpoint beneath base path '/actuator'
2025-04-08T00:47:09.023+01:00  INFO 11320 --- [SubmersibleProbe] [           main] c.e.S.SubmersibleProbeApplicationTests   : Started SubmersibleProbeApplicationTests in 3.199 seconds (process running for 4.643)
]]></system-out>
  </testcase>
</testsuite>